/*C12*/SET SCHEMA PUBLIC
DELETE FROM CONTA_BANCARIA WHERE CODIGO=104
INSERT INTO CONTA_BANCARIA VALUES(104,TRUE,'Interna',1)
COMMIT
DELETE FROM CONTA_BANCARIA WHERE CODIGO=105
COMMIT
DISCONNECT
/*C13*/SET SCHEMA PUBLIC
DISCONNECT
/*C14*/SET SCHEMA PUBLIC
DISCONNECT
/*C15*/SET SCHEMA PUBLIC
DISCONNECT
/*C16*/SET SCHEMA PUBLIC
DISCONNECT
/*C17*/SET SCHEMA PUBLIC
DISCONNECT
/*C18*/SET SCHEMA PUBLIC
DISCONNECT
/*C19*/SET SCHEMA PUBLIC
DISCONNECT
/*C20*/SET SCHEMA PUBLIC
DISCONNECT
/*C21*/SET SCHEMA PUBLIC
DISCONNECT
